<?xml version="1.0" encoding="utf-8"?><testsuites name="pytest tests"><testsuite name="pytest" errors="0" failures="2" skipped="0" tests="16" time="2.838" timestamp="2026-01-02T19:51:22.771760+00:00" hostname="agent-env-cdeb91fb-7c82-4e16-b7ac-02cef7b0af10"><testcase classname="tests.test_eonite_auth.TestHealthCheck" name="test_api_root" time="0.072" /><testcase classname="tests.test_eonite_auth.TestHealthCheck" name="test_health_endpoint" time="0.036" /><testcase classname="tests.test_eonite_auth.TestUserRegistration" name="test_register_new_user" time="0.267" /><testcase classname="tests.test_eonite_auth.TestUserRegistration" name="test_register_duplicate_email" time="0.308" /><testcase classname="tests.test_eonite_auth.TestUserRegistration" name="test_register_missing_required_fields" time="0.086"><failure message="assert 200 == 422&#10; +  where 200 = &lt;Response [200]&gt;.status_code">tests/test_eonite_auth.py:112: in test_register_missing_required_fields
    assert response.status_code == 422
E   assert 200 == 422
E    +  where 200 = &lt;Response [200]&gt;.status_code</failure></testcase><testcase classname="tests.test_eonite_auth.TestUserLogin" name="test_login_success" time="0.532" /><testcase classname="tests.test_eonite_auth.TestUserLogin" name="test_login_wrong_password" time="0.517" /><testcase classname="tests.test_eonite_auth.TestUserLogin" name="test_login_nonexistent_user" time="0.038" /><testcase classname="tests.test_eonite_auth.TestAuthenticatedEndpoints" name="test_get_me_authenticated" time="0.302" /><testcase classname="tests.test_eonite_auth.TestAuthenticatedEndpoints" name="test_get_me_unauthenticated" time="0.040"><failure message="assert 403 == 401&#10; +  where 403 = &lt;Response [403]&gt;.status_code">tests/test_eonite_auth.py:227: in test_get_me_unauthenticated
    assert response.status_code == 401
E   assert 403 == 401
E    +  where 403 = &lt;Response [403]&gt;.status_code</failure></testcase><testcase classname="tests.test_eonite_auth.TestAuthenticatedEndpoints" name="test_get_orders_authenticated" time="0.305" /><testcase classname="tests.test_eonite_auth.TestProductsAPI" name="test_get_products" time="0.038" /><testcase classname="tests.test_eonite_auth.TestProductsAPI" name="test_get_categories" time="0.037" /><testcase classname="tests.test_eonite_auth.TestPricingAPI" name="test_get_pricing_tiers" time="0.038" /><testcase classname="tests.test_eonite_auth.TestPricingAPI" name="test_calculate_price" time="0.039" /><testcase classname="tests.test_eonite_auth.TestPricingAPI" name="test_calculate_price_minimum_quantity" time="0.039" /></testsuite></testsuites>